<?xml version="1.0" encoding="UTF-8"?>
<testsuite xmlns:xsi="http://www.w3.org/2001/XMLSchema-instance" xsi:noNamespaceSchemaLocation="https://maven.apache.org/surefire/maven-failsafe-plugin/xsd/failsafe-test-report.xsd" name="Salesforce login" time="10.859" tests="1" errors="1" skipped="0" failures="0">
  <properties>
[...]
</properties>
  <testcase name="User can login" classname="Salesforce login" time="10.859">
    <error message="The following error occurred: unknown error: cannot determine loading status&#10;from unknown error: cannot determine loading status&#10;from disconnected: received Inspector.detached event&#10;  (Session info: chrome=74.0.3729.157)&#10;  (Driver info: chromedriver=74.0.3729.6 (255758eccf3d244491b8a1317aa76e1ce10d57e9-refs/branch-heads/3729@{#29}),platform=Windows NT 10.0.14393 x86_64) (WARNING: The server did not provide any stacktrace information)&#10;Command duration or timeout: 0 milliseconds&#10;Build info: version: &apos;3.141.59&apos;, revision: &apos;e82be7d358&apos;, time: &apos;2018-11-14T08:17:03&apos;&#10;System info: host: &apos;SYD-AWS-CRM-TAT&apos;, ip: &apos;10.30.4.7&apos;, os.name: &apos;Windows Server 2016&apos;, os.arch: &apos;amd64&apos;, os.version: &apos;10.0&apos;, java.version: &apos;12.0.1&apos;&#10;Driver info: org.openqa.selenium.chrome.ChromeDriver&#10;Capabilities {acceptInsecureCerts: false, acceptSslCerts: false, applicationCacheEnabled: false, browserConnectionEnabled: false, browserName: chrome, chrome: {chromedriverVersion: 74.0.3729.6 (255758eccf3d24..., userDataDir: C:\Users\bheemk\AppData\Loc...}, cssSelectorsEnabled: true, databaseEnabled: false, goog:chromeOptions: {debuggerAddress: localhost:50204}, handlesAlerts: true, hasTouchScreen: false, javascriptEnabled: true, locationContextEnabled: true, mobileEmulationEnabled: false, nativeEvents: true, networkConnectionEnabled: false, pageLoadStrategy: normal, platform: XP, platformName: XP, proxy: Proxy(), rotatable: false, setWindowRect: true, strictFileInteractability: false, takesHeapSnapshot: true, takesScreenshot: true, timeouts: {implicit: 0, pageLoad: 300000, script: 30000}, unexpectedAlertBehaviour: ignore, unhandledPromptBehavior: ignore, version: 74.0.3729.157, webStorageEnabled: true}&#10;Session ID: c6c4165b9538e0cc79ec3ab907c3c230" type="net.serenitybdd.core.exceptions.SerenityManagedException">net.serenitybdd.core.exceptions.SerenityManagedException: 
The following error occurred: unknown error: cannot determine loading status
from unknown error: cannot determine loading status
from disconnected: received Inspector.detached event
  (Session info: chrome=74.0.3729.157)
  (Driver info: chromedriver=74.0.3729.6 (255758eccf3d244491b8a1317aa76e1ce10d57e9-refs/branch-heads/3729@{#29}),platform=Windows NT 10.0.14393 x86_64) (WARNING: The server did not provide any stacktrace information)
Command duration or timeout: 0 milliseconds
Build info: version: '3.141.59', revision: 'e82be7d358', time: '2018-11-14T08:17:03'
System info: host: 'SYD-AWS-CRM-TAT', ip: '10.30.4.7', os.name: 'Windows Server 2016', os.arch: 'amd64', os.version: '10.0', java.version: '12.0.1'
Driver info: org.openqa.selenium.chrome.ChromeDriver
Capabilities {acceptInsecureCerts: false, acceptSslCerts: false, applicationCacheEnabled: false, browserConnectionEnabled: false, browserName: chrome, chrome: {chromedriverVersion: 74.0.3729.6 (255758eccf3d24..., userDataDir: C:\Users\bheemk\AppData\Loc...}, cssSelectorsEnabled: true, databaseEnabled: false, goog:chromeOptions: {debuggerAddress: localhost:50204}, handlesAlerts: true, hasTouchScreen: false, javascriptEnabled: true, locationContextEnabled: true, mobileEmulationEnabled: false, nativeEvents: true, networkConnectionEnabled: false, pageLoadStrategy: normal, platform: XP, platformName: XP, proxy: Proxy(), rotatable: false, setWindowRect: true, strictFileInteractability: false, takesHeapSnapshot: true, takesScreenshot: true, timeouts: {implicit: 0, pageLoad: 300000, script: 30000}, unexpectedAlertBehaviour: ignore, unhandledPromptBehavior: ignore, version: 74.0.3729.157, webStorageEnabled: true}
Session ID: c6c4165b9538e0cc79ec3ab907c3c230
</error>
    <system-out><![CDATA[10:05:55.732 [main] DEBUG n.t.c.u.PropertiesFileLocalPreferences - LOADING LOCAL PROPERTIES FROM C:\Users\bheemk\IdeaProjects\Salesforce\serenity.properties 
10:05:55.764 [main] DEBUG n.t.c.u.PropertiesFileLocalPreferences - LOADING LOCAL PROPERTIES FROM C:\Users\bheemk\IdeaProjects\Salesforce\serenity.properties 
10:05:55.764 [main] DEBUG n.t.c.u.PropertiesFileLocalPreferences - LOADING LOCAL PROPERTIES FROM C:\Users\bheemk\IdeaProjects\Salesforce\serenity.properties 
10:05:55.795 [main] DEBUG n.t.c.u.PropertiesFileLocalPreferences - environments.default.browser.name=chrome;
10:05:55.795 [main] DEBUG n.t.c.u.PropertiesFileLocalPreferences - environments.staging.webdriver.base.url=https://oxfamaus--sprint6dev.cs73.my.salesforce.com/
10:05:55.795 [main] DEBUG n.t.c.u.PropertiesFileLocalPreferences - environments.default.Salesforce.password=Oxfam@123
10:05:55.795 [main] DEBUG n.t.c.u.PropertiesFileLocalPreferences - environments.default.Salesforce.username=bheemk@oxfam.org.au.sprint6dev
10:05:55.795 [main] DEBUG n.t.c.u.PropertiesFileLocalPreferences - environments.default.webdriver.base.disable_notifications=--disable-notifications
10:05:55.795 [main] DEBUG n.t.c.u.PropertiesFileLocalPreferences - environments.default.webdriver.chrome.driver=src/test/resources/webdriver/windows/chromedriver.exe
10:05:55.795 [main] DEBUG n.t.c.u.PropertiesFileLocalPreferences - environments.default.webdriver.base.url=https://oxfamaus--sprint6dev.cs73.my.salesforce.com/
10:05:55.795 [main] DEBUG n.t.c.u.PropertiesFileLocalPreferences - environments.prod.webdriver.base.url=https://oxfamaus--sprint6dev.cs73.my.salesforce.com/
10:05:55.795 [main] DEBUG n.t.c.u.PropertiesFileLocalPreferences - environments.dev.webdriver.base.url=https://oxfamaus--sprint6dev.cs73.my.salesforce.com/
10:05:55.795 [main] DEBUG n.t.c.u.PropertiesFileLocalPreferences - environments.default.webdriver.name.chrome=webdriver.chrome.driver
10:05:56.514 [main] DEBUG n.t.c.u.PropertiesFileLocalPreferences - LOADING LOCAL PROPERTIES FROM C:\Users\bheemk\IdeaProjects\Salesforce\serenity.properties 
10:05:56.514 [main] DEBUG n.t.c.u.PropertiesFileLocalPreferences - LOADING LOCAL PROPERTIES FROM C:\Users\bheemk\IdeaProjects\Salesforce\serenity.properties 
10:05:56.514 [main] DEBUG n.t.c.u.PropertiesFileLocalPreferences - LOADING LOCAL PROPERTIES FROM C:\Users\bheemk\IdeaProjects\Salesforce\serenity.properties 
10:05:56.529 [main] DEBUG n.t.c.u.PropertiesFileLocalPreferences - environments.default.browser.name=chrome;
10:05:56.529 [main] DEBUG n.t.c.u.PropertiesFileLocalPreferences - environments.staging.webdriver.base.url=https://oxfamaus--sprint6dev.cs73.my.salesforce.com/
10:05:56.529 [main] DEBUG n.t.c.u.PropertiesFileLocalPreferences - environments.default.Salesforce.password=Oxfam@123
10:05:56.529 [main] DEBUG n.t.c.u.PropertiesFileLocalPreferences - environments.default.Salesforce.username=bheemk@oxfam.org.au.sprint6dev
10:05:56.529 [main] DEBUG n.t.c.u.PropertiesFileLocalPreferences - environments.default.webdriver.base.disable_notifications=--disable-notifications
10:05:56.529 [main] DEBUG n.t.c.u.PropertiesFileLocalPreferences - environments.default.webdriver.chrome.driver=src/test/resources/webdriver/windows/chromedriver.exe
10:05:56.529 [main] DEBUG n.t.c.u.PropertiesFileLocalPreferences - environments.default.webdriver.base.url=https://oxfamaus--sprint6dev.cs73.my.salesforce.com/
10:05:56.529 [main] DEBUG n.t.c.u.PropertiesFileLocalPreferences - environments.prod.webdriver.base.url=https://oxfamaus--sprint6dev.cs73.my.salesforce.com/
10:05:56.545 [main] DEBUG n.t.c.u.PropertiesFileLocalPreferences - environments.dev.webdriver.base.url=https://oxfamaus--sprint6dev.cs73.my.salesforce.com/
10:05:56.545 [main] DEBUG n.t.c.u.PropertiesFileLocalPreferences - environments.default.webdriver.name.chrome=webdriver.chrome.driver
10:05:56.545 [main] INFO  n.t.c.steps.ConsoleLoggingListener - 

-------------------------------------------------------------------------------------
     _______. _______ .______       _______ .__   __.  __  .___________.____    ____ 
    /       ||   ____||   _  \     |   ____||  \ |  | |  | |           |\   \  /   / 
   |   (----`|  |__   |  |_)  |    |  |__   |   \|  | |  | `---|  |----` \   \/   /  
    \   \    |   __|  |      /     |   __|  |  . `  | |  |     |  |       \_    _/   
.----)   |   |  |____ |  |\  \----.|  |____ |  |\   | |  |     |  |         |  |     
|_______/    |_______|| _| `._____||_______||__| \__| |__|     |__|         |__|    
                                                                                     
 News and tutorials at http://www.serenity-bdd.info                                  
 Documentation at https://wakaleo.gitbooks.io/the-serenity-book/content/             
 Join the Serenity Community on Rocket Chat at https://serenity-bdd.rocket.chat      
 Serenity BDD Support and Training at http://serenity-bdd.info/#/trainingandsupport  
 Learn Serenity BDD online at http://serenity-dojo.com                               
-------------------------------------------------------------------------------------

10:05:56.576 [main] DEBUG n.thucydides.core.steps.StepEventBus - Test suite started for story net.thucydides.core.model.Story@140dc681
10:05:56.576 [main] INFO  n.t.c.steps.ConsoleLoggingListener - Test Suite Started: Salesforce login
10:05:56.935 [pool-1-thread-1] INFO  n.t.c.steps.ConsoleLoggingListener - 
 _____ _____ ____ _____   ____ _____  _    ____ _____ _____ ____  
|_   _| ____/ ___|_   _| / ___|_   _|/ \  |  _ \_   _| ____|  _ \ 
  | | |  _| \___ \ | |   \___ \ | | / _ \ | |_) || | |  _| | | | |
  | | | |___ ___) || |    ___) || |/ ___ \|  _ < | | | |___| |_| |
  |_| |_____|____/ |_|   |____/ |_/_/   \_\_| \_\|_| |_____|____/ 
                                                                  

TEST STARTED: User can login
-------------------------------------------------------------------(salesforce-login;user-can-login)
10:05:56.982 [pool-1-thread-1] DEBUG n.t.core.requirements.RootDirectory - Resource directories found in  in 15 ms: [src\test\resources]
10:05:57.014 [pool-1-thread-1] DEBUG n.t.core.requirements.RootDirectory - Resource directories found in C:\Users\bheemk\IdeaProjects\Salesforce in 16 ms: [C:\Users\bheemk\IdeaProjects\Salesforce\src\test\resources]
10:05:57.107 [pool-1-thread-1] DEBUG n.t.c.r.m.cucumber.CucumberParser - Found no Cucumber 4.x.x class cucumber.runtime.model.FeatureLoader try Cucumber 2.x.x 
10:05:57.123 [pool-1-thread-1] DEBUG n.t.c.r.m.cucumber.CucumberParser - Found no Cucumber 4.x.x class cucumber.runtime.model.FeatureLoader try Cucumber 2.x.x 
10:05:57.123 [pool-1-thread-1] DEBUG n.t.c.r.m.cucumber.CucumberParser - Found no Cucumber 4.x.x class cucumber.runtime.model.FeatureLoader try Cucumber 2.x.x 
Feature: Salesforce login

  @saasas
  Scenario: User can login          &amp#27;[90m# src/test/resources/features/Salesforcelogin.feature:4&amp#27;[0m
10:06:08.060 [pool-1-thread-1] DEBUG n.t.core.reports.ReportService - Reporting formats: [JSON, HTML]
10:06:08.357 [pool-1-thread-1] DEBUG n.t.core.reports.ReportService - Reporting formats: [JSON, HTML]
10:06:08.529 [pool-1-thread-1] DEBUG n.t.core.reports.ReportService - Generating reports for 1 test outcomes using: net.thucydides.core.reports.json.JSONTestOutcomeReporter@651f46c9
10:06:08.529 [pool-1-thread-1] DEBUG n.t.c.r.j.JUnitXMLOutcomeReporter - GENERATING JUNIT REPORTS
10:06:08.545 [pool-1-thread-1] DEBUG n.t.core.reports.ReportService - Processing test outcome Salesforce login:User can login
10:06:08.545 [pool-1-thread-1] DEBUG n.t.core.reports.ReportService - net.thucydides.core.reports.json.JSONTestOutcomeReporter@651f46c9: Generating report for test outcome: Salesforce login:User can login
10:06:08.545 [pool-1-thread-1] DEBUG n.t.c.r.json.JSONTestOutcomeReporter - Generating JSON report for User can login to file C:\Users\bheemk\IdeaProjects\Salesforce\target\site\serenity\32549e6347488305fd94b0125ac497d4dd7f3c5159ecc41d8dd5043ff14fbb9a.json (using temp file C:\Users\bheemk\IdeaProjects\Salesforce\target\site\serenity\32549e6347488305fd94b0125ac497d4dd7f3c5159ecc41d8dd5043ff14fbb9a.json10b4019d-0edc-4a19-a4ed-5d8c4cc9053f)
10:06:08.607 [pool-1-thread-1] DEBUG n.t.core.reports.ReportService - Processing test outcome Salesforce login:User can login done
10:06:09.014 [pool-1-thread-1] DEBUG n.t.core.reports.ReportService - Shutting down executor service
10:06:09.014 [pool-1-thread-1] DEBUG n.t.core.reports.ReportService - Reports generated in: 485 ms
10:06:09.014 [pool-1-thread-1] DEBUG n.t.core.reports.ReportService - Generating reports for 1 test outcomes using: net.thucydides.core.reports.html.HtmlAcceptanceTestReporter@dcbeaf9
10:06:09.014 [pool-1-thread-1] DEBUG n.t.c.r.j.JUnitXMLOutcomeReporter - GENERATING JUNIT REPORTS
10:06:09.045 [pool-2-thread-1] DEBUG n.t.core.reports.ReportService - Processing test outcome Salesforce login:User can login
10:06:09.045 [pool-2-thread-1] DEBUG n.t.core.reports.ReportService - net.thucydides.core.reports.html.HtmlAcceptanceTestReporter@dcbeaf9: Generating report for test outcome: Salesforce login:User can login
10:06:09.045 [pool-2-thread-1] DEBUG n.t.c.r.h.HtmlAcceptanceTestReporter - GENERATE TEST OUTCOME REPORT FOR User can login in 32549e6347488305fd94b0125ac497d4dd7f3c5159ecc41d8dd5043ff14fbb9a
10:06:09.123 [pool-2-thread-1] DEBUG n.t.c.r.m.cucumber.CucumberParser - Found no Cucumber 4.x.x class cucumber.runtime.model.FeatureLoader try Cucumber 2.x.x 
10:06:09.154 [pool-2-thread-1] DEBUG n.t.c.r.m.cucumber.CucumberParser - Found no Cucumber 4.x.x class cucumber.runtime.model.FeatureLoader try Cucumber 2.x.x 
10:06:09.154 [pool-2-thread-1] DEBUG n.t.c.r.m.cucumber.CucumberParser - Found no Cucumber 4.x.x class cucumber.runtime.model.FeatureLoader try Cucumber 2.x.x 
10:06:09.154 [pool-2-thread-1] DEBUG n.t.c.r.RequirementsTagProvider -  found:[Requirement{name='Search India on BBC website and verify search.', type='feature' parent = 'null', cardNumber='null'}, Requirement{name='Bb1', type='feature' parent = 'null', cardNumber='null'}, Requirement{name='Salesforce login', type='feature' parent = 'null', cardNumber='null'}]
10:06:09.170 [pool-2-thread-1] DEBUG n.t.c.r.BaseRequirementsService - Requirement found for test outcome User can login-[]: Optional[Requirement{name='Salesforce login', type='feature' parent = 'null', cardNumber='null'}]
10:06:09.264 [pool-2-thread-1] DEBUG n.t.c.r.BaseRequirementsService - Requirement found for test outcome User can login-[]: Optional[Requirement{name='Salesforce login', type='feature' parent = 'null', cardNumber='null'}]
10:06:09.701 [pool-2-thread-1] DEBUG n.t.c.r.h.HtmlAcceptanceTestReporter - GENERATING HTML REPORT FOR Salesforce login:User can login in 32549e6347488305fd94b0125ac497d4dd7f3c5159ecc41d8dd5043ff14fbb9a.html in directory target\site\serenity  
10:06:09.701 [pool-2-thread-1] DEBUG n.t.c.r.h.HtmlAcceptanceTestReporter - Generating report in 32549e6347488305fd94b0125ac497d4dd7f3c5159ecc41d8dd5043ff14fbb9a.html
10:06:10.748 [pool-2-thread-1] DEBUG n.t.c.r.h.HtmlAcceptanceTestReporter - Generated report 32549e6347488305fd94b0125ac497d4dd7f3c5159ecc41d8dd5043ff14fbb9a.html in 1047 ms
10:06:10.748 [pool-2-thread-1] DEBUG n.t.core.reports.ReportService - Processing test outcome Salesforce login:User can login done
10:06:10.748 [pool-1-thread-1] DEBUG n.t.core.reports.ReportService - Shutting down executor service
10:06:10.748 [pool-1-thread-1] DEBUG n.t.core.reports.ReportService - Reports generated in: 1734 ms

&amp#27;[31mFailed scenarios:&amp#27;[0m
&amp#27;[31msrc/test/resources/features/Salesforcelogin.feature:4 &amp#27;[0m# User can login

1 Scenarios (&amp#27;[31m1 failed&amp#27;[0m)
2 Steps (&amp#27;[31m1 failed&amp#27;[0m, &amp#27;[36m1 skipped&amp#27;[0m)
0m11.838s

net.serenitybdd.core.exceptions.SerenityManagedException: The following error occurred: unknown error: cannot determine loading status
from unknown error: cannot determine loading status
from disconnected: received Inspector.detached event
  (Session info: chrome=74.0.3729.157)
  (Driver info: chromedriver=74.0.3729.6 (255758eccf3d244491b8a1317aa76e1ce10d57e9-refs/branch-heads/3729@{#29}),platform=Windows NT 10.0.14393 x86_64) (WARNING: The server did not provide any stacktrace information)
Command duration or timeout: 0 milliseconds
Build info: version: '3.141.59', revision: 'e82be7d358', time: '2018-11-14T08:17:03'
System info: host: 'SYD-AWS-CRM-TAT', ip: '10.30.4.7', os.name: 'Windows Server 2016', os.arch: 'amd64', os.version: '10.0', java.version: '12.0.1'
Driver info: org.openqa.selenium.chrome.ChromeDriver
Capabilities {acceptInsecureCerts: false, acceptSslCerts: false, applicationCacheEnabled: false, browserConnectionEnabled: false, browserName: chrome, chrome: {chromedriverVersion: 74.0.3729.6 (255758eccf3d24..., userDataDir: C:\Users\bheemk\AppData\Loc...}, cssSelectorsEnabled: true, databaseEnabled: false, goog:chromeOptions: {debuggerAddress: localhost:50204}, handlesAlerts: true, hasTouchScreen: false, javascriptEnabled: true, locationContextEnabled: true, mobileEmulationEnabled: false, nativeEvents: true, networkConnectionEnabled: false, pageLoadStrategy: normal, platform: XP, platformName: XP, proxy: Proxy(), rotatable: false, setWindowRect: true, strictFileInteractability: false, takesHeapSnapshot: true, takesScreenshot: true, timeouts: {implicit: 0, pageLoad: 300000, script: 30000}, unexpectedAlertBehaviour: ignore, unhandledPromptBehavior: ignore, version: 74.0.3729.157, webStorageEnabled: true}
Session ID: c6c4165b9538e0cc79ec3ab907c3c230
	at java.base/jdk.internal.reflect.NativeConstructorAccessorImpl.newInstance0(Native Method)
	at java.base/jdk.internal.reflect.NativeConstructorAccessorImpl.newInstance(NativeConstructorAccessorImpl.java:62)
	at java.base/jdk.internal.reflect.DelegatingConstructorAccessorImpl.newInstance(DelegatingConstructorAccessorImpl.java:45)
	at java.base/java.lang.reflect.Constructor.newInstanceWithCaller(Constructor.java:500)
	at java.base/java.lang.reflect.Constructor.newInstance(Constructor.java:481)
	at org.openqa.selenium.remote.ErrorHandler.createThrowable(ErrorHandler.java:214)
	at org.openqa.selenium.remote.ErrorHandler.throwIfResponseFailed(ErrorHandler.java:166)
	at org.openqa.selenium.remote.http.JsonHttpResponseCodec.reconstructValue(JsonHttpResponseCodec.java:40)
	at org.openqa.selenium.remote.http.AbstractHttpResponseCodec.decode(AbstractHttpResponseCodec.java:80)
	at org.openqa.selenium.remote.http.AbstractHttpResponseCodec.decode(AbstractHttpResponseCodec.java:44)
	at org.openqa.selenium.remote.HttpCommandExecutor.execute(HttpCommandExecutor.java:158)
	at org.openqa.selenium.remote.service.DriverCommandExecutor.execute(DriverCommandExecutor.java:83)
	at org.openqa.selenium.remote.RemoteWebDriver.execute(RemoteWebDriver.java:552)
	at org.openqa.selenium.remote.RemoteWebDriver.get(RemoteWebDriver.java:277)
	at SalesforceSystemTest.navigation.NavigateTo.LogintoSalesforce(NavigateTo.java:39)
	at SalesforceSystemTest.navigation.NavigateTo$$EnhancerByCGLIB$$f6cb5aac.CGLIB$LogintoSalesforce$0(<generated>)
	at SalesforceSystemTest.navigation.NavigateTo$$EnhancerByCGLIB$$f6cb5aac$$FastClassByCGLIB$$a390ed4b.invoke(<generated>)
	at net.sf.cglib.proxy.MethodProxy.invokeSuper(MethodProxy.java:228)
	at net.thucydides.core.steps.StepInterceptor.invokeMethod(StepInterceptor.java:478)
	at net.thucydides.core.steps.StepInterceptor.executeTestStepMethod(StepInterceptor.java:463)
	at net.thucydides.core.steps.StepInterceptor.runTestStep(StepInterceptor.java:438)
	at net.thucydides.core.steps.StepInterceptor.runOrSkipMethod(StepInterceptor.java:179)
	at net.thucydides.core.steps.StepInterceptor.testStepResult(StepInterceptor.java:166)
	at net.thucydides.core.steps.StepInterceptor.intercept(StepInterceptor.java:72)
	at SalesforceSystemTest.navigation.NavigateTo$$EnhancerByCGLIB$$f6cb5aac.LogintoSalesforce(<generated>)
	at SalesforceSystemTest.stepdefinitions.SalesforceStepDefinitions.i_login_to_Salesforce_URL(SalesforceStepDefinitions.java:55)
	at ?.I login to Salesforce URL(src/test/resources/features/Salesforcelogin.feature:5)

10:06:06.961 [pool-1-thread-1] DEBUG n.t.core.steps.StepInterceptor - STARTING STEP: SalesforceStepDefinitions.i_login_to_Salesforce_URL - Open the Salesforce home page
    &amp#27;[31mGiven &amp#27;[0m&amp#27;[31mI login to Salesforce URL&amp#27;[0m &amp#27;[90m# SalesforceStepDefinitions.i_login_to_Salesforce_URL()&amp#27;[0m
      &amp#27;[31mnet.serenitybdd.core.exceptions.SerenityManagedException: The following error occurred: unknown error: cannot determine loading status
from unknown error: cannot determine loading status
from disconnected: received Inspector.detached event
  (Session info: chrome=74.0.3729.157)
  (Driver info: chromedriver=74.0.3729.6 (255758eccf3d244491b8a1317aa76e1ce10d57e9-refs/branch-heads/3729@{#29}),platform=Windows NT 10.0.14393 x86_64) (WARNING: The server did not provide any stacktrace information)
Command duration or timeout: 0 milliseconds
Build info: version: '3.141.59', revision: 'e82be7d358', time: '2018-11-14T08:17:03'
System info: host: 'SYD-AWS-CRM-TAT', ip: '10.30.4.7', os.name: 'Windows Server 2016', os.arch: 'amd64', os.version: '10.0', java.version: '12.0.1'
Driver info: org.openqa.selenium.chrome.ChromeDriver
Capabilities {acceptInsecureCerts: false, acceptSslCerts: false, applicationCacheEnabled: false, browserConnectionEnabled: false, browserName: chrome, chrome: {chromedriverVersion: 74.0.3729.6 (255758eccf3d24..., userDataDir: C:\Users\bheemk\AppData\Loc...}, cssSelectorsEnabled: true, databaseEnabled: false, goog:chromeOptions: {debuggerAddress: localhost:50204}, handlesAlerts: true, hasTouchScreen: false, javascriptEnabled: true, locationContextEnabled: true, mobileEmulationEnabled: false, nativeEvents: true, networkConnectionEnabled: false, pageLoadStrategy: normal, platform: XP, platformName: XP, proxy: Proxy(), rotatable: false, setWindowRect: true, strictFileInteractability: false, takesHeapSnapshot: true, takesScreenshot: true, timeouts: {implicit: 0, pageLoad: 300000, script: 30000}, unexpectedAlertBehaviour: ignore, unhandledPromptBehavior: ignore, version: 74.0.3729.157, webStorageEnabled: true}
Session ID: c6c4165b9538e0cc79ec3ab907c3c230
	at java.base/jdk.internal.reflect.NativeConstructorAccessorImpl.newInstance0(Native Method)
	at java.base/jdk.internal.reflect.NativeConstructorAccessorImpl.newInstance(NativeConstructorAccessorImpl.java:62)
	at java.base/jdk.internal.reflect.DelegatingConstructorAccessorImpl.newInstance(DelegatingConstructorAccessorImpl.java:45)
	at java.base/java.lang.reflect.Constructor.newInstanceWithCaller(Constructor.java:500)
	at java.base/java.lang.reflect.Constructor.newInstance(Constructor.java:481)
	at org.openqa.selenium.remote.ErrorHandler.createThrowable(ErrorHandler.java:214)
	at org.openqa.selenium.remote.ErrorHandler.throwIfResponseFailed(ErrorHandler.java:166)
	at org.openqa.selenium.remote.http.JsonHttpResponseCodec.reconstructValue(JsonHttpResponseCodec.java:40)
	at org.openqa.selenium.remote.http.AbstractHttpResponseCodec.decode(AbstractHttpResponseCodec.java:80)
	at org.openqa.selenium.remote.http.AbstractHttpResponseCodec.decode(AbstractHttpResponseCodec.java:44)
	at org.openqa.selenium.remote.HttpCommandExecutor.execute(HttpCommandExecutor.java:158)
	at org.openqa.selenium.remote.service.DriverCommandExecutor.execute(DriverCommandExecutor.java:83)
	at org.openqa.selenium.remote.RemoteWebDriver.execute(RemoteWebDriver.java:552)
	at org.openqa.selenium.remote.RemoteWebDriver.get(RemoteWebDriver.java:277)
	at SalesforceSystemTest.navigation.NavigateTo.LogintoSalesforce(NavigateTo.java:39)
	at SalesforceSystemTest.navigation.NavigateTo$$EnhancerByCGLIB$$f6cb5aac.CGLIB$LogintoSalesforce$0(<generated>)
	at SalesforceSystemTest.navigation.NavigateTo$$EnhancerByCGLIB$$f6cb5aac$$FastClassByCGLIB$$a390ed4b.invoke(<generated>)
	at net.sf.cglib.proxy.MethodProxy.invokeSuper(MethodProxy.java:228)
	at net.thucydides.core.steps.StepInterceptor.invokeMethod(StepInterceptor.java:478)
	at net.thucydides.core.steps.StepInterceptor.executeTestStepMethod(StepInterceptor.java:463)
	at net.thucydides.core.steps.StepInterceptor.runTestStep(StepInterceptor.java:438)
	at net.thucydides.core.steps.StepInterceptor.runOrSkipMethod(StepInterceptor.java:179)
	at net.thucydides.core.steps.StepInterceptor.testStepResult(StepInterceptor.java:166)
	at net.thucydides.core.steps.StepInterceptor.intercept(StepInterceptor.java:72)
	at SalesforceSystemTest.navigation.NavigateTo$$EnhancerByCGLIB$$f6cb5aac.LogintoSalesforce(<generated>)
	at SalesforceSystemTest.stepdefinitions.SalesforceStepDefinitions.i_login_to_Salesforce_URL(SalesforceStepDefinitions.java:55)
	at ?.I login to Salesforce URL(src/test/resources/features/Salesforcelogin.feature:5)
&amp#27;[0m
    &amp#27;[36mWhen &amp#27;[0m&amp#27;[36mI click on Contacts Page&amp#27;[0m   &amp#27;[90m# SalesforceStepDefinitions.i_click_on_contacts_page()&amp#27;[0m
10:06:07.804 [pool-1-thread-1] ERROR n.t.c.steps.ConsoleLoggingListener - 
           __  _____ _____ ____ _____   _____ _    ___ _     _____ ____  
  _       / / |_   _| ____/ ___|_   _| |  ___/ \  |_ _| |   | ____|  _ \ 
 (_)_____| |    | | |  _| \___ \ | |   | |_ / _ \  | || |   |  _| | | | |
  _|_____| |    | | | |___ ___) || |   |  _/ ___ \ | || |___| |___| |_| |
 (_)     | |    |_| |_____|____/ |_|   |_|/_/   \_\___|_____|_____|____/ 
          \_\                                                            

TEST FAILED WITH ERROR: User can login
---------------------------------------------------------------------
10:06:07.820 [pool-1-thread-1] DEBUG n.t.c.steps.ConsoleLoggingListener - RELATED ISSUES: 
10:06:08.045 [pool-1-thread-1] ERROR n.t.c.steps.ConsoleLoggingListener - TEST FAILED AT STEP Open the Salesforce home page
10:06:08.045 [pool-1-thread-1] ERROR n.t.c.steps.ConsoleLoggingListener - The following error occurred: unknown error: cannot determine loading statusfrom unknown error: cannot determine loading statusfrom disconnected: received Inspector.detached event  (Session info: chrome=74.0.3729.157)  (Driver info: chromedriver=74.0.3729.6 (255758eccf3d244491b8a1317aa76e1ce10d57e9-refs/branch-heads/3729@{#29}),platform=Windows NT 10.0.14393 x86_64) (WARNING: The server did not provide any stacktrace information)Command duration or timeout: 0 millisecondsBuild info: version: '3.141.59', revision: 'e82be7d358', time: '2018-11-14T08:17:03'System info: host: 'SYD-AWS-CRM-TAT', ip: '10.30.4.7', os.name: 'Windows Server 2016', os.arch: 'amd64', os.version: '10.0', java.version: '12.0.1'Driver info: org.openqa.selenium.chrome.ChromeDriverCapabilities {acceptInsecureCerts: false, acceptSslCerts: false, applicationCacheEnabled: false, browserConnectionEnabled: false, browserName: chrome, chrome: {chromedriverVersion: 74.0.3729.6 (255758eccf3d24..., userDataDir: C:\Users\bheemk\AppData\Loc...}, cssSelectorsEnabled: true, databaseEnabled: false, goog:chromeOptions: {debuggerAddress: localhost:50204}, handlesAlerts: true, hasTouchScreen: false, javascriptEnabled: true, locationContextEnabled: true, mobileEmulationEnabled: false, nativeEvents: true, networkConnectionEnabled: false, pageLoadStrategy: normal, platform: XP, platformName: XP, proxy: Proxy(), rotatable: false, setWindowRect: true, strictFileInteractability: false, takesHeapSnapshot: true, takesScreenshot: true, timeouts: {implicit: 0, pageLoad: 300000, script: 30000}, unexpectedAlertBehaviour: ignore, unhandledPromptBehavior: ignore, version: 74.0.3729.157, webStorageEnabled: true}Session ID: c6c4165b9538e0cc79ec3ab907c3c230Build info: version: '3.141.59', revision: 'e82be7d358', time: '2018-11-14T08:17:03'System info: host: 'SYD-AWS-CRM-TAT', ip: '10.30.4.7', os.name: 'Windows Server 2016', os.arch: 'amd64', os.version: '10.0', java.version: '12.0.1'Driver info: driver.version: unknown
]]></system-out>
    <system-err><![CDATA[Starting ChromeDriver 74.0.3729.6 (255758eccf3d244491b8a1317aa76e1ce10d57e9-refs/branch-heads/3729@{#29}) on port 25577
Only local connections are allowed.
Please protect ports used by ChromeDriver and related test frameworks to prevent access by malicious code.
May 22, 2019 10:06:06 AM org.openqa.selenium.remote.ProtocolHandshake createSession
INFO: Detected dialect: OSS
]]></system-err>
  </testcase>
</testsuite>